<?xml version="1.0" encoding="UTF-8"?>
<!-- Generated by org.testng.reporters.JUnitReportReporter -->
<testsuite hostname="LAPTOP-5T1CRN9L" failures="0" tests="3" name="FanflixTests.FanflixWorkflowTest" time="19.386" errors="0" timestamp="2024-06-23T18:58:09 IST" skipped="0">
  <testcase classname="FanflixTests.FanflixWorkflowTest" name="verifyLoginPage" time="0.794"/>
  <system-out/>
  <testcase classname="FanflixTests.FanflixWorkflowTest" name="UploadFile" time="11.325"/>
  <system-out/>
  <testcase classname="FanflixTests.FanflixWorkflowTest" name="UploadPost" time="7.267"/>
  <system-out/>
</testsuite> <!-- FanflixTests.FanflixWorkflowTest -->
