<?xml version="1.0" encoding="UTF-8"?>
<!-- Generated by org.testng.reporters.JUnitReportReporter -->
<testsuite hostname="LAPTOP-5T1CRN9L" failures="0" tests="3" name="FanflixTests.FanflixWorkflowTest" time="22.794" errors="0" timestamp="2024-06-23T18:21:42 IST" skipped="0">
  <testcase classname="FanflixTests.FanflixWorkflowTest" name="verifyLoginPage" time="0.865"/>
  <system-out/>
  <testcase classname="FanflixTests.FanflixWorkflowTest" name="UploadFile" time="14.547"/>
  <system-out/>
  <testcase classname="FanflixTests.FanflixWorkflowTest" name="UploadPost" time="7.382"/>
  <system-out/>
</testsuite> <!-- FanflixTests.FanflixWorkflowTest -->
