<?xml version="1.0" encoding="UTF-8"?>
<!-- Generated by org.testng.reporters.JUnitReportReporter -->
<testsuite hostname="PSDLAP027" failures="0" tests="7" name="EcommerceWebsite.EcomWebTesting.EcommerceTC" time="45.727" errors="0" timestamp="2021-05-31T00:13:49 IST" skipped="0">
  <testcase classname="EcommerceWebsite.EcomWebTesting.EcommerceTC" name="VerifyHomePage" time="0.144"/>
  <system-out/>
  <testcase classname="EcommerceWebsite.EcomWebTesting.EcommerceTC" name="SearchandFilterDresses" time="8.944"/>
  <system-out/>
  <testcase classname="EcommerceWebsite.EcomWebTesting.EcommerceTC" name="AddtoCart" time="11.505"/>
  <system-out/>
  <testcase classname="EcommerceWebsite.EcomWebTesting.EcommerceTC" name="NewAccountCreation" time="6.130"/>
  <system-out/>
  <testcase classname="EcommerceWebsite.EcomWebTesting.EcommerceTC" name="UpdateAddessandPersonalDetails" time="6.061"/>
  <system-out/>
  <testcase classname="EcommerceWebsite.EcomWebTesting.EcommerceTC" name="BuyProduct" time="12.942"/>
  <system-out/>
  <testcase classname="EcommerceWebsite.EcomWebTesting.EcommerceTC" name="ManageWishListandPersonalInfo" time="0.001"/>
  <system-out/>
</testsuite> <!-- EcommerceWebsite.EcomWebTesting.EcommerceTC -->
