<?xml version="1.0" encoding="UTF-8"?>
<!-- Generated by org.testng.reporters.JUnitReportReporter -->
<testsuite hostname="PSDLAP027" failures="0" tests="2" name="EcommerceWebsite.EcomWebTesting.MyStoreApplicationTC" time="4.968" errors="0" timestamp="2021-08-29T11:19:00 IST" skipped="0">
  <testcase classname="EcommerceWebsite.EcomWebTesting.MyStoreApplicationTC" name="VerifyHomePage" time="0.146"/>
  <system-out/>
  <testcase classname="EcommerceWebsite.EcomWebTesting.MyStoreApplicationTC" name="SearchandFilterDresses" time="4.822"/>
  <system-out/>
</testsuite> <!-- EcommerceWebsite.EcomWebTesting.MyStoreApplicationTC -->
