<?xml version="1.0" encoding="UTF-8"?>
<!-- Generated by org.testng.reporters.JUnitReportReporter -->
<testsuite hostname="LAPTOP-5T1CRN9L" failures="0" tests="3" name="FanflixTests.FanflixWorkflowTest" time="20.376" errors="0" timestamp="2024-06-23T19:19:47 IST" skipped="0">
  <testcase classname="FanflixTests.FanflixWorkflowTest" name="verifyLoginPage" time="0.690"/>
  <system-out/>
  <testcase classname="FanflixTests.FanflixWorkflowTest" name="UploadFile" time="12.267"/>
  <system-out/>
  <testcase classname="FanflixTests.FanflixWorkflowTest" name="UploadPost" time="7.419"/>
  <system-out/>
</testsuite> <!-- FanflixTests.FanflixWorkflowTest -->
