<?xml version="1.0" encoding="UTF-8"?>
<!-- Generated by org.testng.reporters.JUnitReportReporter -->
<testsuite hostname="LAPTOP-5T1CRN9L" failures="0" tests="1" name="FanflixTests.MyStoreApplicationTC2" time="1.407" errors="0" timestamp="2024-06-17T19:30:29 IST" skipped="0">
  <testcase classname="FanflixTests.MyStoreApplicationTC2" name="verifyLoginPage" time="1.407"/>
  <system-out/>
</testsuite> <!-- FanflixTests.MyStoreApplicationTC2 -->
